<?xml version="1.0" encoding="UTF-8"?>
<robot generator="Robot 7.0.1 (Python 3.12.4 on win32)" generated="2024-08-12T21:18:17.943443" rpa="false" schemaversion="5">
<suite id="s1" name="Trendyol" source="D:\Projelerim\Yazilim\Testing\Robotframework\Trendyol\tests\trendyol.robot">
<kw name="Begin Test Suite" owner="Common" type="SETUP">
<kw name="Set Suite Variables" owner="Common">
<kw name="Empty Browser" owner="App">
<msg time="2024-08-12T21:18:18.427935" level="INFO">${empty_browser} = about:blank</msg>
<var>${empty_browser}</var>
<status status="PASS" start="2024-08-12T21:18:18.427935" elapsed="0.000000"/>
</kw>
<kw name="Browser" owner="App">
<msg time="2024-08-12T21:18:18.427935" level="INFO">${browser} = chrome</msg>
<var>${browser}</var>
<status status="PASS" start="2024-08-12T21:18:18.427935" elapsed="0.000000"/>
</kw>
<kw name="Url Address" owner="App">
<msg time="2024-08-12T21:18:18.427935" level="INFO">${start_url} = https://www.trendyol.com/butik/liste/2/erkek</msg>
<var>${start_url}</var>
<status status="PASS" start="2024-08-12T21:18:18.427935" elapsed="0.000000"/>
</kw>
<kw name="Search Term" owner="App">
<msg time="2024-08-12T21:18:18.427935" level="INFO">${search_term} = Versele Laga Muhabbet Kuşu Yemi</msg>
<var>${search_term}</var>
<status status="PASS" start="2024-08-12T21:18:18.427935" elapsed="0.000000"/>
</kw>
<kw name="User Email" owner="App">
<msg time="2024-08-12T21:18:18.427935" level="INFO">${user_email} = ab_tarim@hotmail.com</msg>
<var>${user_email}</var>
<status status="PASS" start="2024-08-12T21:18:18.427935" elapsed="0.000000"/>
</kw>
<kw name="User Password" owner="App">
<msg time="2024-08-12T21:18:18.427935" level="INFO">${user_password} = @bt100Sx1</msg>
<var>${user_password}</var>
<status status="PASS" start="2024-08-12T21:18:18.427935" elapsed="0.000000"/>
</kw>
<kw name="Create Dictionary" owner="BuiltIn">
<msg time="2024-08-12T21:18:18.427935" level="INFO">&amp;{user} = { Email=ab_tarim@hotmail.com | Password=@bt100Sx1 }</msg>
<var>&amp;{user}</var>
<arg>Email=${user_email}</arg>
<arg>Password=${user_password}</arg>
<doc>Creates and returns a dictionary based on the given ``items``.</doc>
<status status="PASS" start="2024-08-12T21:18:18.427935" elapsed="0.000000"/>
</kw>
<kw name="Set Suite Variable" owner="BuiltIn">
<msg time="2024-08-12T21:18:18.427935" level="INFO">&amp;{USER} = { Email=ab_tarim@hotmail.com | Password=@bt100Sx1 }</msg>
<arg>&amp;USER</arg>
<arg>&amp;{user}</arg>
<doc>Makes a variable available everywhere within the scope of the current suite.</doc>
<status status="PASS" start="2024-08-12T21:18:18.427935" elapsed="0.000000"/>
</kw>
<kw name="Set Suite Variable" owner="BuiltIn">
<msg time="2024-08-12T21:18:18.427935" level="INFO">${EMPTY_BROWSER} = about:blank</msg>
<arg>${EMPTY_BROWSER}</arg>
<arg>${empty_browser}</arg>
<doc>Makes a variable available everywhere within the scope of the current suite.</doc>
<status status="PASS" start="2024-08-12T21:18:18.427935" elapsed="0.000000"/>
</kw>
<kw name="Set Suite Variable" owner="BuiltIn">
<msg time="2024-08-12T21:18:18.427935" level="INFO">${BROWSER} = chrome</msg>
<arg>${BROWSER}</arg>
<arg>${browser}</arg>
<doc>Makes a variable available everywhere within the scope of the current suite.</doc>
<status status="PASS" start="2024-08-12T21:18:18.427935" elapsed="0.000000"/>
</kw>
<kw name="Set Suite Variable" owner="BuiltIn">
<msg time="2024-08-12T21:18:18.427935" level="INFO">${START_URL} = https://www.trendyol.com/butik/liste/2/erkek</msg>
<arg>${START_URL}</arg>
<arg>${start_url}</arg>
<doc>Makes a variable available everywhere within the scope of the current suite.</doc>
<status status="PASS" start="2024-08-12T21:18:18.427935" elapsed="0.000000"/>
</kw>
<kw name="Set Suite Variable" owner="BuiltIn">
<msg time="2024-08-12T21:18:18.427935" level="INFO">${SEARCH_TERM} = Versele Laga Muhabbet Kuşu Yemi</msg>
<arg>${SEARCH_TERM}</arg>
<arg>${search_term}</arg>
<doc>Makes a variable available everywhere within the scope of the current suite.</doc>
<status status="PASS" start="2024-08-12T21:18:18.427935" elapsed="0.000000"/>
</kw>
<kw name="Get Search Term 1" owner="SearchTermLib">
<msg time="2024-08-12T21:18:18.427935" level="INFO">${searchTerms[0]} = Versele Laga Muhabbet Kuşu Yemi</msg>
<var>${searchTerms[0]}</var>
<status status="PASS" start="2024-08-12T21:18:18.427935" elapsed="0.000000"/>
</kw>
<kw name="Get Search Term 2" owner="SearchTermLib">
<msg time="2024-08-12T21:18:18.427935" level="INFO">${searchTerms[1]} = Gillette Sensor3 Tıraş Makinesi</msg>
<var>${searchTerms[1]}</var>
<status status="PASS" start="2024-08-12T21:18:18.427935" elapsed="0.000000"/>
</kw>
<kw name="Get Search Term 3" owner="SearchTermLib">
<msg time="2024-08-12T21:18:18.427935" level="INFO">${searchTerms[2]} = The Ceel Arındırıcı ve Aydınlatıcı Yüz Peelingi Beluga Havyarı Özlü Coenzyme Q10 100 ml</msg>
<var>${searchTerms[2]}</var>
<status status="PASS" start="2024-08-12T21:18:18.427935" elapsed="0.000000"/>
</kw>
<kw name="Get Search Term 4" owner="SearchTermLib">
<msg time="2024-08-12T21:18:18.427935" level="INFO">${searchTerms[3]} = Zippo</msg>
<var>${searchTerms[3]}</var>
<status status="PASS" start="2024-08-12T21:18:18.427935" elapsed="0.000000"/>
</kw>
<kw name="Set Suite Variable" owner="BuiltIn">
<msg time="2024-08-12T21:18:18.427935" level="INFO">${SEARCH_TERMS[0]} = Versele Laga Muhabbet Kuşu Yemi</msg>
<arg>${SEARCH_TERMS[0]}</arg>
<arg>${searchTerms[0]}</arg>
<doc>Makes a variable available everywhere within the scope of the current suite.</doc>
<status status="PASS" start="2024-08-12T21:18:18.427935" elapsed="0.000000"/>
</kw>
<kw name="Set Suite Variable" owner="BuiltIn">
<msg time="2024-08-12T21:18:18.427935" level="INFO">${SEARCH_TERMS[1]} = Gillette Sensor3 Tıraş Makinesi</msg>
<arg>${SEARCH_TERMS[1]}</arg>
<arg>${searchTerms[1]}</arg>
<doc>Makes a variable available everywhere within the scope of the current suite.</doc>
<status status="PASS" start="2024-08-12T21:18:18.427935" elapsed="0.000000"/>
</kw>
<kw name="Set Suite Variable" owner="BuiltIn">
<msg time="2024-08-12T21:18:18.427935" level="INFO">${SEARCH_TERMS[2]} = The Ceel Arındırıcı ve Aydınlatıcı Yüz Peelingi Beluga Havyarı Özlü Coenzyme Q10 100 ml</msg>
<arg>${SEARCH_TERMS[2]}</arg>
<arg>${searchTerms[2]}</arg>
<doc>Makes a variable available everywhere within the scope of the current suite.</doc>
<status status="PASS" start="2024-08-12T21:18:18.427935" elapsed="0.000000"/>
</kw>
<kw name="Set Suite Variable" owner="BuiltIn">
<msg time="2024-08-12T21:18:18.427935" level="INFO">${SEARCH_TERMS[3]} = Zippo</msg>
<arg>${SEARCH_TERMS[3]}</arg>
<arg>${searchTerms[3]}</arg>
<doc>Makes a variable available everywhere within the scope of the current suite.</doc>
<status status="PASS" start="2024-08-12T21:18:18.427935" elapsed="0.000000"/>
</kw>
<kw name="Create List" owner="BuiltIn">
<msg time="2024-08-12T21:18:18.427935" level="INFO">@{searchTerms} = [ Versele Laga Muhabbet Kuşu Yemi | Gillette Sensor3 Tıraş Makinesi | The Ceel Arındırıcı ve Aydınlatıcı Yüz Peelingi Beluga Havyarı Özlü Coenzyme Q10 100 ml | Zippo ]</msg>
<var>@{searchTerms}</var>
<arg>${searchTerms[0]}</arg>
<arg>${searchTerms[1]}</arg>
<arg>${searchTerms[2]}</arg>
<arg>${searchTerms[3]}</arg>
<doc>Returns a list containing given items.</doc>
<status status="PASS" start="2024-08-12T21:18:18.427935" elapsed="0.000000"/>
</kw>
<kw name="Set Suite Variable" owner="BuiltIn">
<msg time="2024-08-12T21:18:18.427935" level="INFO">@{SEARCH_TERMS} = [ Versele Laga Muhabbet Kuşu Yemi | Gillette Sensor3 Tıraş Makinesi | The Ceel Arındırıcı ve Aydınlatıcı Yüz Peelingi Beluga Havyarı Özlü Coenzyme Q10 100 ml | Zippo ]</msg>
<arg>@SEARCH_TERMS</arg>
<arg>@{searchTerms}</arg>
<doc>Makes a variable available everywhere within the scope of the current suite.</doc>
<status status="PASS" start="2024-08-12T21:18:18.427935" elapsed="0.000000"/>
</kw>
<kw name="Set Suite Variable" owner="BuiltIn">
<msg time="2024-08-12T21:18:18.427935" level="INFO">${SEARCH_TERM} = Versele Laga Muhabbet Kuşu Yemi</msg>
<arg>${SEARCH_TERM}</arg>
<arg>${SEARCH_TERMS[${TERM}]}</arg>
<doc>Makes a variable available everywhere within the scope of the current suite.</doc>
<status status="PASS" start="2024-08-12T21:18:18.427935" elapsed="0.000000"/>
</kw>
<status status="PASS" start="2024-08-12T21:18:18.427935" elapsed="0.000000"/>
</kw>
<kw name="Set Selenium Speed" owner="SeleniumLibrary">
<arg>.02s</arg>
<doc>Sets the delay that is waited after each Selenium command.</doc>
<status status="PASS" start="2024-08-12T21:18:18.427935" elapsed="0.000000"/>
</kw>
<kw name="Set Selenium Timeout" owner="SeleniumLibrary">
<arg>10s</arg>
<doc>Sets the timeout that is used by various keywords.</doc>
<status status="PASS" start="2024-08-12T21:18:18.427935" elapsed="0.000000"/>
</kw>
<kw name="Begin Web Test" owner="Common">
<kw name="Open Browser" owner="SeleniumLibrary">
<msg time="2024-08-12T21:18:18.443547" level="INFO">Opening browser 'chrome' to base url 'about:blank'.</msg>
<arg>${EMPTY_BROWSER}</arg>
<arg>${browser}</arg>
<doc>Opens a new browser instance to the optional ``url``.</doc>
<status status="PASS" start="2024-08-12T21:18:18.443547" elapsed="3.392497"/>
</kw>
<kw name="Maximize Browser Window" owner="SeleniumLibrary">
<doc>Maximizes current browser window.</doc>
<status status="PASS" start="2024-08-12T21:18:21.836044" elapsed="0.093810"/>
</kw>
<arg>${EMPTY_BROWSER}</arg>
<arg>${BROWSER}</arg>
<status status="PASS" start="2024-08-12T21:18:18.427935" elapsed="3.501919"/>
</kw>
<arg>${EMPTY_BROWSER}</arg>
<arg>${BROWSER}</arg>
<status status="PASS" start="2024-08-12T21:18:18.412307" elapsed="3.517547"/>
</kw>
<test id="s1-t1" name="Logged out user can search for products" line="22">
<kw name="Given TrendyolApp.user is not logged In" owner="TrendyolApp">
<kw name="Log" owner="BuiltIn">
<msg time="2024-08-12T21:18:21.939261" level="INFO">Check to see whether user is logged in</msg>
<arg>Check to see whether user is logged in</arg>
<doc>Logs the given message with the given level.</doc>
<status status="PASS" start="2024-08-12T21:18:21.939261" elapsed="0.000000"/>
</kw>
<status status="PASS" start="2024-08-12T21:18:21.939261" elapsed="0.000000"/>
</kw>
<kw name="When TrendyolApp.Search for Products" owner="TrendyolApp">
<kw name="Load" owner="LandingPage">
<kw name="Go To" owner="SeleniumLibrary">
<msg time="2024-08-12T21:18:21.939261" level="INFO">Opening url 'https://www.trendyol.com/butik/liste/2/erkek'</msg>
<arg>${START_URL}</arg>
<doc>Navigates the current browser window to the provided ``url``.</doc>
<status status="PASS" start="2024-08-12T21:18:21.939261" elapsed="2.943638"/>
</kw>
<arg>${START_URL}</arg>
<status status="PASS" start="2024-08-12T21:18:21.939261" elapsed="2.943638"/>
</kw>
<kw name="Verify Page Loaded" owner="LandingPage">
<kw name="Wait Until Page Contains" owner="SeleniumLibrary">
<arg>Sana Özel Ürünler</arg>
<doc>Waits until ``text`` appears on the current page.</doc>
<status status="PASS" start="2024-08-12T21:18:24.883912" elapsed="0.080383"/>
</kw>
<status status="PASS" start="2024-08-12T21:18:24.882899" elapsed="0.081396"/>
</kw>
<kw name="Search for Products" owner="TopNav">
<kw name="Enter Search Term" owner="TopNav">
<kw name="Input Text" owner="SeleniumLibrary">
<msg time="2024-08-12T21:18:24.966308" level="INFO">Typing text 'Versele Laga Muhabbet Kuşu Yemi' into text field 'css=.V8wbcUhU'.</msg>
<arg>${TOPNAV_SEARCH_BAR}</arg>
<arg>${SEARCH_TERM}</arg>
<doc>Types the given ``text`` into the text field identified by ``locator``.</doc>
<status status="PASS" start="2024-08-12T21:18:24.966308" elapsed="0.368838"/>
</kw>
<arg>${SEARCH_TERM}</arg>
<status status="PASS" start="2024-08-12T21:18:24.964295" elapsed="0.370851"/>
</kw>
<kw name="Submit Search" owner="TopNav">
<kw name="Click Element" owner="SeleniumLibrary">
<msg time="2024-08-12T21:18:25.337164" level="INFO">Clicking element 'xpath=//*[@id="sfx-discovery-search-suggestions"]/div/div/i'.</msg>
<arg>${TOPNAV_SEARCH_BUTTON}</arg>
<doc>Click the element identified by ``locator``.</doc>
<status status="PASS" start="2024-08-12T21:18:25.335146" elapsed="2.658013"/>
</kw>
<status status="PASS" start="2024-08-12T21:18:25.335146" elapsed="2.658013"/>
</kw>
<arg>${SEARCH_TERM}</arg>
<status status="PASS" start="2024-08-12T21:18:24.964295" elapsed="3.028864"/>
</kw>
<arg>${START_URL}</arg>
<arg>${SEARCH_TERM}</arg>
<status status="PASS" start="2024-08-12T21:18:21.939261" elapsed="6.053898"/>
</kw>
<kw name="Then TrendyolApp.Search results contains relevant products" owner="TrendyolApp">
<kw name="Verify Search Completed" owner="SearchResults">
<kw name="Wait Until Page Contains" owner="SeleniumLibrary">
<arg>sonuç listeleniyor</arg>
<doc>Waits until ``text`` appears on the current page.</doc>
<status status="PASS" start="2024-08-12T21:18:27.993159" elapsed="0.091010"/>
</kw>
<kw name="Get Element Count" owner="SeleniumLibrary">
<msg time="2024-08-12T21:18:28.128901" level="INFO">${count} = 24</msg>
<var>${count}</var>
<arg>xpath = //div[@class='prdct-cntnr-wrppr']//div[@class="p-card-wrppr with-campaign-view add-to-bs-card"]</arg>
<doc>Returns the number of elements matching ``locator``.</doc>
<status status="PASS" start="2024-08-12T21:18:28.084169" elapsed="0.044732"/>
</kw>
<kw name="Should Be Equal" owner="BuiltIn">
<arg>${count}</arg>
<arg>${24}</arg>
<doc>Fails if the given objects are unequal.</doc>
<status status="PASS" start="2024-08-12T21:18:28.128901" elapsed="0.000000"/>
</kw>
<status status="PASS" start="2024-08-12T21:18:27.993159" elapsed="0.135742"/>
</kw>
<status status="PASS" start="2024-08-12T21:18:27.993159" elapsed="0.135742"/>
</kw>
<tag>Smoke</tag>
<status status="PASS" start="2024-08-12T21:18:21.929854" elapsed="6.199047"/>
</test>
<kw name="End Test Suite" owner="Common" type="TEARDOWN">
<kw name="End Web Test" owner="Common">
<kw name="Sleep" owner="BuiltIn">
<msg time="2024-08-12T21:18:29.130371" level="INFO">Slept 1 second.</msg>
<arg>1s</arg>
<doc>Pauses the test executed for the given time.</doc>
<status status="PASS" start="2024-08-12T21:18:28.128901" elapsed="1.001470"/>
</kw>
<kw name="Close Browser" owner="SeleniumLibrary">
<doc>Closes the current browser.</doc>
<status status="PASS" start="2024-08-12T21:18:29.130371" elapsed="2.388157"/>
</kw>
<status status="PASS" start="2024-08-12T21:18:28.128901" elapsed="3.389627"/>
</kw>
<status status="PASS" start="2024-08-12T21:18:28.128901" elapsed="3.389627"/>
</kw>
<doc>This is some basic info about the whole suite</doc>
<status status="PASS" start="2024-08-12T21:18:17.943443" elapsed="13.575085"/>
</suite>
<statistics>
<total>
<stat pass="1" fail="0" skip="0">All Tests</stat>
</total>
<tag>
<stat pass="1" fail="0" skip="0">Smoke</stat>
</tag>
<suite>
<stat pass="1" fail="0" skip="0" id="s1" name="Trendyol">Trendyol</stat>
</suite>
</statistics>
<errors>
</errors>
</robot>
